<?xml version="1.0" encoding="UTF-8"?>
<testsuite xmlns:xsi="http://www.w3.org/2001/XMLSchema-instance" xsi:noNamespaceSchemaLocation="https://maven.apache.org/surefire/maven-surefire-plugin/xsd/surefire-test-report.xsd" name="sh.auxuji.authx.papermc.AppTest" time="0.017" tests="1" errors="0" skipped="0" failures="0">
  <properties>
    <property name="java.specification.version" value="17"/>
    <property name="sun.jnu.encoding" value="UTF-8"/>
    <property name="java.class.path" value="/home/senchou/Dev/soup-plugin-1-velocity-auth/auxuji-authx-papermc/target/test-classes:/home/senchou/Dev/soup-plugin-1-velocity-auth/auxuji-authx-papermc/target/classes:/home/senchou/.m2/repository/junit/junit/4.11/junit-4.11.jar:/home/senchou/.m2/repository/org/hamcrest/hamcrest-core/1.3/hamcrest-core-1.3.jar:/home/senchou/.m2/repository/io/papermc/paper/paper-api/1.17-R0.1-SNAPSHOT/paper-api-1.17-R0.1-SNAPSHOT.jar:/home/senchou/.m2/repository/commons-lang/commons-lang/2.6/commons-lang-2.6.jar:/home/senchou/.m2/repository/com/google/guava/guava/21.0/guava-21.0.jar:/home/senchou/.m2/repository/com/google/code/gson/gson/2.8.0/gson-2.8.0.jar:/home/senchou/.m2/repository/net/md-5/bungeecord-chat/1.16-R0.4/bungeecord-chat-1.16-R0.4.jar:/home/senchou/.m2/repository/org/yaml/snakeyaml/1.28/snakeyaml-1.28.jar:/home/senchou/.m2/repository/com/googlecode/json-simple/json-simple/1.1.1/json-simple-1.1.1.jar:/home/senchou/.m2/repository/it/unimi/dsi/fastutil/8.2.2/fastutil-8.2.2.jar:/home/senchou/.m2/repository/net/kyori/adventure-api/4.8.1/adventure-api-4.8.1.jar:/home/senchou/.m2/repository/net/kyori/adventure-key/4.8.1/adventure-key-4.8.1.jar:/home/senchou/.m2/repository/net/kyori/examination-api/1.1.0/examination-api-1.1.0.jar:/home/senchou/.m2/repository/org/checkerframework/checker-qual/3.10.0/checker-qual-3.10.0.jar:/home/senchou/.m2/repository/net/kyori/examination-string/1.1.0/examination-string-1.1.0.jar:/home/senchou/.m2/repository/org/jetbrains/annotations/21.0.1/annotations-21.0.1.jar:/home/senchou/.m2/repository/net/kyori/adventure-text-serializer-gson/4.8.1/adventure-text-serializer-gson-4.8.1.jar:/home/senchou/.m2/repository/net/kyori/adventure-text-serializer-legacy/4.8.1/adventure-text-serializer-legacy-4.8.1.jar:/home/senchou/.m2/repository/net/kyori/adventure-text-serializer-plain/4.8.1/adventure-text-serializer-plain-4.8.1.jar:/home/senchou/.m2/repository/org/ow2/asm/asm/9.0/asm-9.0.jar:/home/senchou/.m2/repository/org/ow2/asm/asm-commons/9.0/asm-commons-9.0.jar:/home/senchou/.m2/repository/org/ow2/asm/asm-tree/9.0/asm-tree-9.0.jar:/home/senchou/.m2/repository/org/ow2/asm/asm-analysis/9.0/asm-analysis-9.0.jar:/home/senchou/.m2/repository/org/apache/logging/log4j/log4j-api/2.14.1/log4j-api-2.14.1.jar:"/>
    <property name="java.vm.vendor" value="Gentoo"/>
    <property name="sun.arch.data.model" value="64"/>
    <property name="java.vendor.url" value="https://gentoo.org"/>
    <property name="os.name" value="Linux"/>
    <property name="java.vm.specification.version" value="17"/>
    <property name="sun.java.launcher" value="SUN_STANDARD"/>
    <property name="user.country" value="US"/>
    <property name="sun.boot.library.path" value="/usr/lib64/openjdk-17/lib"/>
    <property name="sun.java.command" value="/home/senchou/Dev/soup-plugin-1-velocity-auth/auxuji-authx-papermc/target/surefire/surefirebooter17311434792418797885.jar /home/senchou/Dev/soup-plugin-1-velocity-auth/auxuji-authx-papermc/target/surefire 2022-06-19T15-16-26_126-jvmRun1 surefire244761754727805390tmp surefire_04280996956652806421tmp"/>
    <property name="jdk.debug" value="release"/>
    <property name="surefire.test.class.path" value="/home/senchou/Dev/soup-plugin-1-velocity-auth/auxuji-authx-papermc/target/test-classes:/home/senchou/Dev/soup-plugin-1-velocity-auth/auxuji-authx-papermc/target/classes:/home/senchou/.m2/repository/junit/junit/4.11/junit-4.11.jar:/home/senchou/.m2/repository/org/hamcrest/hamcrest-core/1.3/hamcrest-core-1.3.jar:/home/senchou/.m2/repository/io/papermc/paper/paper-api/1.17-R0.1-SNAPSHOT/paper-api-1.17-R0.1-SNAPSHOT.jar:/home/senchou/.m2/repository/commons-lang/commons-lang/2.6/commons-lang-2.6.jar:/home/senchou/.m2/repository/com/google/guava/guava/21.0/guava-21.0.jar:/home/senchou/.m2/repository/com/google/code/gson/gson/2.8.0/gson-2.8.0.jar:/home/senchou/.m2/repository/net/md-5/bungeecord-chat/1.16-R0.4/bungeecord-chat-1.16-R0.4.jar:/home/senchou/.m2/repository/org/yaml/snakeyaml/1.28/snakeyaml-1.28.jar:/home/senchou/.m2/repository/com/googlecode/json-simple/json-simple/1.1.1/json-simple-1.1.1.jar:/home/senchou/.m2/repository/it/unimi/dsi/fastutil/8.2.2/fastutil-8.2.2.jar:/home/senchou/.m2/repository/net/kyori/adventure-api/4.8.1/adventure-api-4.8.1.jar:/home/senchou/.m2/repository/net/kyori/adventure-key/4.8.1/adventure-key-4.8.1.jar:/home/senchou/.m2/repository/net/kyori/examination-api/1.1.0/examination-api-1.1.0.jar:/home/senchou/.m2/repository/org/checkerframework/checker-qual/3.10.0/checker-qual-3.10.0.jar:/home/senchou/.m2/repository/net/kyori/examination-string/1.1.0/examination-string-1.1.0.jar:/home/senchou/.m2/repository/org/jetbrains/annotations/21.0.1/annotations-21.0.1.jar:/home/senchou/.m2/repository/net/kyori/adventure-text-serializer-gson/4.8.1/adventure-text-serializer-gson-4.8.1.jar:/home/senchou/.m2/repository/net/kyori/adventure-text-serializer-legacy/4.8.1/adventure-text-serializer-legacy-4.8.1.jar:/home/senchou/.m2/repository/net/kyori/adventure-text-serializer-plain/4.8.1/adventure-text-serializer-plain-4.8.1.jar:/home/senchou/.m2/repository/org/ow2/asm/asm/9.0/asm-9.0.jar:/home/senchou/.m2/repository/org/ow2/asm/asm-commons/9.0/asm-commons-9.0.jar:/home/senchou/.m2/repository/org/ow2/asm/asm-tree/9.0/asm-tree-9.0.jar:/home/senchou/.m2/repository/org/ow2/asm/asm-analysis/9.0/asm-analysis-9.0.jar:/home/senchou/.m2/repository/org/apache/logging/log4j/log4j-api/2.14.1/log4j-api-2.14.1.jar:"/>
    <property name="sun.cpu.endian" value="little"/>
    <property name="user.home" value="/home/senchou"/>
    <property name="user.language" value="en"/>
    <property name="java.specification.vendor" value="Oracle Corporation"/>
    <property name="java.version.date" value="2022-04-19"/>
    <property name="java.home" value="/usr/lib64/openjdk-17"/>
    <property name="file.separator" value="/"/>
    <property name="basedir" value="/home/senchou/Dev/soup-plugin-1-velocity-auth/auxuji-authx-papermc"/>
    <property name="java.vm.compressedOopsMode" value="Zero based"/>
    <property name="line.separator" value="&#10;"/>
    <property name="java.vm.specification.vendor" value="Oracle Corporation"/>
    <property name="java.specification.name" value="Java Platform API Specification"/>
    <property name="surefire.real.class.path" value="/home/senchou/Dev/soup-plugin-1-velocity-auth/auxuji-authx-papermc/target/surefire/surefirebooter17311434792418797885.jar"/>
    <property name="sun.management.compiler" value="HotSpot 64-Bit Tiered Compilers"/>
    <property name="java.runtime.version" value="17.0.3+7"/>
    <property name="user.name" value="senchou"/>
    <property name="path.separator" value=":"/>
    <property name="os.version" value="5.15.41-gentoo"/>
    <property name="java.runtime.name" value="OpenJDK Runtime Environment"/>
    <property name="file.encoding" value="UTF-8"/>
    <property name="java.vm.name" value="OpenJDK 64-Bit Server VM"/>
    <property name="java.vendor.version" value="17.0.3_p7"/>
    <property name="localRepository" value="/home/senchou/.m2/repository"/>
    <property name="java.vendor.url.bug" value="https://bugs.gentoo.org"/>
    <property name="java.io.tmpdir" value="/tmp"/>
    <property name="java.version" value="17.0.3"/>
    <property name="user.dir" value="/home/senchou/Dev/soup-plugin-1-velocity-auth/auxuji-authx-papermc"/>
    <property name="os.arch" value="amd64"/>
    <property name="java.vm.specification.name" value="Java Virtual Machine Specification"/>
    <property name="native.encoding" value="UTF-8"/>
    <property name="java.library.path" value="/usr/java/packages/lib:/usr/lib64:/lib64:/lib:/usr/lib"/>
    <property name="java.vm.info" value="mixed mode, sharing"/>
    <property name="java.vendor" value="Gentoo"/>
    <property name="java.vm.version" value="17.0.3+7"/>
    <property name="sun.io.unicode.encoding" value="UnicodeLittle"/>
    <property name="java.class.version" value="61.0"/>
  </properties>
  <testcase name="shouldAnswerWithTrue" classname="sh.auxuji.authx.papermc.AppTest" time="0.001"/>
</testsuite>